# JRE version: OpenJDK Runtime Environment JBR-21.0.5+8-631.28-jcef (21.0.5+8) (build 21.0.5+8-b631.28)
# Java VM: OpenJDK 64-Bit Server VM JBR-21.0.5+8-631.28-jcef (21.0.5+8-b631.28, mixed mode, sharing, tiered, compressed oops, compressed class ptrs, g1 gc, windows-amd64)
GC Precious Log:
 CardTable entry size: 512
 Card Set container configuration: InlinePtr #cards 4 size 8 Array Of Cards #cards 16 size 48 Howl #buckets 8 coarsen threshold 3686 Howl Bitmap #cards 512 size 80 coarsen threshold 460 Card regions per heap region 1 cards per card region 4096
 CPUs: 6 total, 6 available
 Memory: 32716M
 Large Page Support: Disabled
 NUMA Support: Disabled
 Compressed Oops: Enabled (Zero based)
 Heap Region Size: 2M
 Heap Min Capacity: 128M
 Heap Initial Capacity: 128M
 Heap Max Capacity: 4090M
 Pre-touch: Disabled
 Parallel Workers: 6
 Concurrent Workers: 2
 Concurrent Refinement Workers: 6
 Periodic GC: Disabled
Heap:
 garbage-first heap   total 765952K, used 705013K [0x0000000700600000, 0x0000000800000000)
  region size 2048K, 157 young (321536K), 13 survivors (26624K)
 Metaspace       used 383295K, committed 387904K, reserved 1441792K
  class space    used 45042K, committed 47168K, reserved 1048576K
GC Heap History (20 events):
Event: 1318.941 GC heap after
{Heap after GC invocations=185 (full 0):
 garbage-first heap   total 765952K, used 415874K [0x0000000700600000, 0x0000000800000000)
  region size 2048K, 8 young (16384K), 8 survivors (16384K)
 Metaspace       used 380606K, committed 384960K, reserved 1441792K
  class space    used 44781K, committed 46784K, reserved 1048576K
}
Event: 1393.936 GC heap before
{Heap before GC invocations=185 (full 0):
 garbage-first heap   total 765952K, used 565378K [0x0000000700600000, 0x0000000800000000)
  region size 2048K, 83 young (169984K), 8 survivors (16384K)
 Metaspace       used 380746K, committed 385088K, reserved 1441792K
  class space    used 44782K, committed 46784K, reserved 1048576K
}
Event: 1393.941 GC heap after
{Heap after GC invocations=186 (full 0):
 garbage-first heap   total 765952K, used 405908K [0x0000000700600000, 0x0000000800000000)
  region size 2048K, 4 young (8192K), 4 survivors (8192K)
 Metaspace       used 380746K, committed 385088K, reserved 1441792K
  class space    used 44782K, committed 46784K, reserved 1048576K
}
Event: 1632.350 GC heap before
{Heap before GC invocations=187 (full 0):
 garbage-first heap   total 765952K, used 727444K [0x0000000700600000, 0x0000000800000000)
  region size 2048K, 155 young (317440K), 4 survivors (8192K)
 Metaspace       used 380847K, committed 385216K, reserved 1441792K
  class space    used 44770K, committed 46784K, reserved 1048576K
}
Event: 1632.361 GC heap after
{Heap after GC invocations=188 (full 0):
 garbage-first heap   total 765952K, used 414254K [0x0000000700600000, 0x0000000800000000)
  region size 2048K, 7 young (14336K), 7 survivors (14336K)
 Metaspace       used 380847K, committed 385216K, reserved 1441792K
  class space    used 44770K, committed 46784K, reserved 1048576K
}
Event: 1938.562 GC heap before
{Heap before GC invocations=188 (full 0):
 garbage-first heap   total 765952K, used 707118K [0x0000000700600000, 0x0000000800000000)
  region size 2048K, 151 young (309248K), 7 survivors (14336K)
 Metaspace       used 381003K, committed 385280K, reserved 1441792K
  class space    used 44780K, committed 46784K, reserved 1048576K
}
Event: 1938.573 GC heap after
{Heap after GC invocations=189 (full 0):
 garbage-first heap   total 765952K, used 404926K [0x0000000700600000, 0x0000000800000000)
  region size 2048K, 8 young (16384K), 8 survivors (16384K)
 Metaspace       used 381003K, committed 385280K, reserved 1441792K
  class space    used 44780K, committed 46784K, reserved 1048576K
}
Event: 1939.259 GC heap before
{Heap before GC invocations=189 (full 0):
 garbage-first heap   total 765952K, used 703934K [0x0000000700600000, 0x0000000800000000)
  region size 2048K, 155 young (317440K), 8 survivors (16384K)
 Metaspace       used 381490K, committed 385792K, reserved 1441792K
  class space    used 44827K, committed 46784K, reserved 1048576K
}
Event: 1939.273 GC heap after
{Heap after GC invocations=190 (full 0):
 garbage-first heap   total 765952K, used 425862K [0x0000000700600000, 0x0000000800000000)
  region size 2048K, 17 young (34816K), 17 survivors (34816K)
 Metaspace       used 381490K, committed 385792K, reserved 1441792K
  class space    used 44827K, committed 46784K, reserved 1048576K
}
Event: 1939.593 GC heap before
{Heap before GC invocations=190 (full 0):
 garbage-first heap   total 765952K, used 688006K [0x0000000700600000, 0x0000000800000000)
  region size 2048K, 145 young (296960K), 17 survivors (34816K)
 Metaspace       used 381397K, committed 385792K, reserved 1441792K
  class space    used 44812K, committed 46784K, reserved 1048576K
}
Event: 1939.604 GC heap after
{Heap after GC invocations=191 (full 0):
 garbage-first heap   total 765952K, used 414547K [0x0000000700600000, 0x0000000800000000)
  region size 2048K, 6 young (12288K), 6 survivors (12288K)
 Metaspace       used 381397K, committed 385792K, reserved 1441792K
  class space    used 44812K, committed 46784K, reserved 1048576K
}
Event: 1950.364 GC heap before
{Heap before GC invocations=192 (full 0):
 garbage-first heap   total 765952K, used 723795K [0x0000000700600000, 0x0000000800000000)
  region size 2048K, 151 young (309248K), 6 survivors (12288K)
 Metaspace       used 381436K, committed 385792K, reserved 1441792K
  class space    used 44814K, committed 46784K, reserved 1048576K
}
Event: 1950.370 GC heap after
{Heap after GC invocations=193 (full 0):
 garbage-first heap   total 765952K, used 425866K [0x0000000700600000, 0x0000000800000000)
  region size 2048K, 4 young (8192K), 4 survivors (8192K)
 Metaspace       used 381436K, committed 385792K, reserved 1441792K
  class space    used 44814K, committed 46784K, reserved 1048576K
}
Event: 1985.931 GC heap before
{Heap before GC invocations=193 (full 0):
 garbage-first heap   total 765952K, used 716682K [0x0000000700600000, 0x0000000800000000)
  region size 2048K, 146 young (299008K), 4 survivors (8192K)
 Metaspace       used 382388K, committed 387072K, reserved 1441792K
  class space    used 45026K, committed 47168K, reserved 1048576K
}
Event: 1985.945 GC heap after
{Heap after GC invocations=194 (full 0):
 garbage-first heap   total 765952K, used 414821K [0x0000000700600000, 0x0000000800000000)
  region size 2048K, 8 young (16384K), 8 survivors (16384K)
 Metaspace       used 382388K, committed 387072K, reserved 1441792K
  class space    used 45026K, committed 47168K, reserved 1048576K
}
Event: 2045.939 GC heap before
{Heap before GC invocations=194 (full 0):
 garbage-first heap   total 765952K, used 539749K [0x0000000700600000, 0x0000000800000000)
  region size 2048K, 70 young (143360K), 8 survivors (16384K)
 Metaspace       used 382518K, committed 387200K, reserved 1441792K
  class space    used 45036K, committed 47168K, reserved 1048576K
}
Event: 2045.949 GC heap after
{Heap after GC invocations=195 (full 0):
 garbage-first heap   total 765952K, used 415017K [0x0000000700600000, 0x0000000800000000)
  region size 2048K, 9 young (18432K), 9 survivors (18432K)
 Metaspace       used 382518K, committed 387200K, reserved 1441792K
  class space    used 45036K, committed 47168K, reserved 1048576K
}
Event: 2207.798 GC heap before
{Heap before GC invocations=196 (full 0):
 garbage-first heap   total 765952K, used 711977K [0x0000000700600000, 0x0000000800000000)
  region size 2048K, 151 young (309248K), 9 survivors (18432K)
 Metaspace       used 382515K, committed 387200K, reserved 1441792K
  class space    used 45009K, committed 47168K, reserved 1048576K
}
Event: 2207.805 GC heap after
{Heap after GC invocations=197 (full 0):
 garbage-first heap   total 765952K, used 410101K [0x0000000700600000, 0x0000000800000000)
  region size 2048K, 9 young (18432K), 9 survivors (18432K)
 Metaspace       used 382515K, committed 387200K, reserved 1441792K
  class space    used 45009K, committed 47168K, reserved 1048576K
}
Event: 2210.556 GC heap before
{Heap before GC invocations=197 (full 0):
 garbage-first heap   total 765952K, used 702965K [0x0000000700600000, 0x0000000800000000)
  region size 2048K, 153 young (313344K), 9 survivors (18432K)
 Metaspace       used 383295K, committed 387904K, reserved 1441792K
  class space    used 45042K, committed 47168K, reserved 1048576K
}

