# JRE version: OpenJDK Runtime Environment JBR-21.0.5+8-631.28-jcef (21.0.5+8) (build 21.0.5+8-b631.28)
# Java VM: OpenJDK 64-Bit Server VM JBR-21.0.5+8-631.28-jcef (21.0.5+8-b631.28, mixed mode, sharing, tiered, compressed oops, compressed class ptrs, g1 gc, windows-amd64)
GC Precious Log:
 CardTable entry size: 512
 Card Set container configuration: InlinePtr #cards 4 size 8 Array Of Cards #cards 16 size 48 Howl #buckets 8 coarsen threshold 3686 Howl Bitmap #cards 512 size 80 coarsen threshold 460 Card regions per heap region 1 cards per card region 4096
 CPUs: 6 total, 6 available
 Memory: 32716M
 Large Page Support: Disabled
 NUMA Support: Disabled
 Compressed Oops: Enabled (Zero based)
 Heap Region Size: 2M
 Heap Min Capacity: 128M
 Heap Initial Capacity: 128M
 Heap Max Capacity: 4090M
 Pre-touch: Disabled
 Parallel Workers: 6
 Concurrent Workers: 2
 Concurrent Refinement Workers: 6
 Periodic GC: Disabled
Heap:
 garbage-first heap   total 550912K, used 437683K [0x0000000700600000, 0x0000000800000000)
  region size 2048K, 55 young (112640K), 2 survivors (4096K)
 Metaspace       used 309564K, committed 314240K, reserved 1376256K
  class space    used 37731K, committed 39744K, reserved 1048576K
GC Heap History (20 events):
Event: 12.376 GC heap after
{Heap after GC invocations=36 (full 0):
 garbage-first heap   total 393216K, used 259696K [0x0000000700600000, 0x0000000800000000)
  region size 2048K, 8 young (16384K), 8 survivors (16384K)
 Metaspace       used 267916K, committed 272192K, reserved 1310720K
  class space    used 32750K, committed 34560K, reserved 1048576K
}
Event: 13.806 GC heap before
{Heap before GC invocations=37 (full 0):
 garbage-first heap   total 419840K, used 343664K [0x0000000700600000, 0x0000000800000000)
  region size 2048K, 54 young (110592K), 8 survivors (16384K)
 Metaspace       used 273163K, committed 277504K, reserved 1310720K
  class space    used 33317K, committed 35136K, reserved 1048576K
}
Event: 13.816 GC heap after
{Heap after GC invocations=38 (full 0):
 garbage-first heap   total 419840K, used 250635K [0x0000000700600000, 0x0000000800000000)
  region size 2048K, 4 young (8192K), 4 survivors (8192K)
 Metaspace       used 273163K, committed 277504K, reserved 1310720K
  class space    used 33317K, committed 35136K, reserved 1048576K
}
Event: 14.738 GC heap before
{Heap before GC invocations=38 (full 0):
 garbage-first heap   total 419840K, used 373515K [0x0000000700600000, 0x0000000800000000)
  region size 2048K, 64 young (131072K), 4 survivors (8192K)
 Metaspace       used 280364K, committed 284736K, reserved 1310720K
  class space    used 34082K, committed 35968K, reserved 1048576K
}
Event: 14.746 GC heap after
{Heap after GC invocations=39 (full 0):
 garbage-first heap   total 419840K, used 246646K [0x0000000700600000, 0x0000000800000000)
  region size 2048K, 5 young (10240K), 5 survivors (10240K)
 Metaspace       used 280364K, committed 284736K, reserved 1310720K
  class space    used 34082K, committed 35968K, reserved 1048576K
}
Event: 16.720 GC heap before
{Heap before GC invocations=39 (full 0):
 garbage-first heap   total 419840K, used 383862K [0x0000000700600000, 0x0000000800000000)
  region size 2048K, 73 young (149504K), 5 survivors (10240K)
 Metaspace       used 288054K, committed 292480K, reserved 1310720K
  class space    used 35045K, committed 36992K, reserved 1048576K
}
Event: 16.729 GC heap after
{Heap after GC invocations=40 (full 0):
 garbage-first heap   total 419840K, used 252790K [0x0000000700600000, 0x0000000800000000)
  region size 2048K, 8 young (16384K), 8 survivors (16384K)
 Metaspace       used 288054K, committed 292480K, reserved 1310720K
  class space    used 35045K, committed 36992K, reserved 1048576K
}
Event: 17.836 GC heap before
{Heap before GC invocations=41 (full 0):
 garbage-first heap   total 423936K, used 377718K [0x0000000700600000, 0x0000000800000000)
  region size 2048K, 70 young (143360K), 8 survivors (16384K)
 Metaspace       used 288352K, committed 292736K, reserved 1310720K
  class space    used 35055K, committed 36992K, reserved 1048576K
}
Event: 17.866 GC heap after
{Heap after GC invocations=42 (full 0):
 garbage-first heap   total 442368K, used 298584K [0x0000000700600000, 0x0000000800000000)
  region size 2048K, 9 young (18432K), 9 survivors (18432K)
 Metaspace       used 288352K, committed 292736K, reserved 1310720K
  class space    used 35055K, committed 36992K, reserved 1048576K
}
Event: 18.327 GC heap before
{Heap before GC invocations=42 (full 0):
 garbage-first heap   total 442368K, used 388696K [0x0000000700600000, 0x0000000800000000)
  region size 2048K, 54 young (110592K), 9 survivors (18432K)
 Metaspace       used 288506K, committed 292928K, reserved 1310720K
  class space    used 35067K, committed 37056K, reserved 1048576K
}
Event: 18.343 GC heap after
{Heap after GC invocations=43 (full 0):
 garbage-first heap   total 442368K, used 305673K [0x0000000700600000, 0x0000000800000000)
  region size 2048K, 7 young (14336K), 7 survivors (14336K)
 Metaspace       used 288506K, committed 292928K, reserved 1310720K
  class space    used 35067K, committed 37056K, reserved 1048576K
}
Event: 25.013 GC heap before
{Heap before GC invocations=43 (full 0):
 garbage-first heap   total 442368K, used 391689K [0x0000000700600000, 0x0000000800000000)
  region size 2048K, 50 young (102400K), 7 survivors (14336K)
 Metaspace       used 290312K, committed 294720K, reserved 1310720K
  class space    used 35256K, committed 37184K, reserved 1048576K
}
Event: 25.023 GC heap after
{Heap after GC invocations=44 (full 0):
 garbage-first heap   total 442368K, used 314148K [0x0000000700600000, 0x0000000800000000)
  region size 2048K, 7 young (14336K), 7 survivors (14336K)
 Metaspace       used 290312K, committed 294720K, reserved 1310720K
  class space    used 35256K, committed 37184K, reserved 1048576K
}
Event: 31.735 GC heap before
{Heap before GC invocations=45 (full 0):
 garbage-first heap   total 489472K, used 373540K [0x0000000700600000, 0x0000000800000000)
  region size 2048K, 48 young (98304K), 7 survivors (14336K)
 Metaspace       used 301145K, committed 305664K, reserved 1376256K
  class space    used 36704K, committed 38656K, reserved 1048576K
}
Event: 31.742 GC heap after
{Heap after GC invocations=46 (full 0):
 garbage-first heap   total 489472K, used 296610K [0x0000000700600000, 0x0000000800000000)
  region size 2048K, 3 young (6144K), 3 survivors (6144K)
 Metaspace       used 301145K, committed 305664K, reserved 1376256K
  class space    used 36704K, committed 38656K, reserved 1048576K
}
Event: 33.902 GC heap before
{Heap before GC invocations=46 (full 0):
 garbage-first heap   total 489472K, used 458402K [0x0000000700600000, 0x0000000800000000)
  region size 2048K, 72 young (147456K), 3 survivors (6144K)
 Metaspace       used 307134K, committed 311808K, reserved 1376256K
  class space    used 37468K, committed 39488K, reserved 1048576K
}
Event: 33.918 GC heap after
{Heap after GC invocations=47 (full 0):
 garbage-first heap   total 497664K, used 317965K [0x0000000700600000, 0x0000000800000000)
  region size 2048K, 9 young (18432K), 9 survivors (18432K)
 Metaspace       used 307134K, committed 311808K, reserved 1376256K
  class space    used 37468K, committed 39488K, reserved 1048576K
}
Event: 38.384 GC heap before
{Heap before GC invocations=47 (full 0):
 garbage-first heap   total 497664K, used 434701K [0x0000000700600000, 0x0000000800000000)
  region size 2048K, 67 young (137216K), 9 survivors (18432K)
 Metaspace       used 309386K, committed 314112K, reserved 1376256K
  class space    used 37709K, committed 39744K, reserved 1048576K
}
Event: 38.401 GC heap after
{Heap after GC invocations=48 (full 0):
 garbage-first heap   total 497664K, used 333235K [0x0000000700600000, 0x0000000800000000)
  region size 2048K, 9 young (18432K), 9 survivors (18432K)
 Metaspace       used 309386K, committed 314112K, reserved 1376256K
  class space    used 37709K, committed 39744K, reserved 1048576K
}
Event: 39.973 GC heap before
{Heap before GC invocations=49 (full 0):
 garbage-first heap   total 550912K, used 437683K [0x0000000700600000, 0x0000000800000000)
  region size 2048K, 62 young (126976K), 9 survivors (18432K)
 Metaspace       used 309564K, committed 314240K, reserved 1376256K
  class space    used 37731K, committed 39744K, reserved 1048576K
}

